
Database             Time                 Version
-------------------- -------------------- ------------------------------
Start: ORCL          19-JAN-2020 14:10:57 Version 19.3.0.0.0

Sums

DEPARTMENT_ID EMPLOYEE_ID     SALARY RUNNING_SUM  TOTAL_SUM
------------- ----------- ---------- ----------- ----------
           60         103       9000        9000      28800
           60         104       6000       15000      28800
           60         105       4800       19800      28800
           60         106       4800       24600      28800
           60         107       4200       28800      28800

Products

DEPARTMENT_ID EMPLOYEE_ID     SALARY       MULT RUNNING_PROD TOTAL_PROD
------------- ----------- ---------- ---------- ------------ ----------
           60         103       9000        1.9          1.9 9.45551872
           60         104       6000        1.6         3.04 9.45551872
           60         105       4800       1.48       4.4992 9.45551872
           60         106       4800       1.48     6.658816 9.45551872
           60         107       4200       1.42   9.45551872 9.45551872

Products using MODEL Clause

DEPARTMENT_ID EMPLOYEE_ID     SALARY       MULT RUNNING_PROD TOTAL_PROD
------------- ----------- ---------- ---------- ------------ ----------
           60         103       9000        1.9          1.9 9.45551872
           60         104       6000        1.6         3.04 9.45551872
           60         105       4800       1.48       4.4992 9.45551872
           60         106       4800       1.48     6.658816 9.45551872
           60         107       4200       1.42   9.45551872 9.45551872

Products using Recursive Subquery Factors

DEPARTMENT_ID EMPLOYEE_ID     SALARY       MULT RUNNING_PROD TOTAL_PROD
------------- ----------- ---------- ---------- ------------ ----------
           60         103       9000        1.9          1.9 9.45551872
           60         104       6000        1.6         3.04 9.45551872
           60         105       4800       1.48       4.4992 9.45551872
           60         106       4800       1.48     6.658816 9.45551872
           60         107       4200       1.42   9.45551872 9.45551872


'END:'||TO_CHAR(SYSDATE,'DD-MON-YY
----------------------------------
End: 19-JAN-2020 14:10:57

