
Database             Time                 Version
-------------------- -------------------- ------------------------------
Start: ORCL          20-JAN-2020 06:45:47 Version 19.3.0.0.0

Sums

DEPARTMENT_ID EMPLOYEE_ID     SALARY RUNNING_SUM  TOTAL_SUM
------------- ----------- ---------- ----------- ----------
           10         200       4400        4400       4400
           20         201      13000       13000      19000
           20         202       6000       19000      19000
           30         114      11000       11000      24900
           30         115       3100       14100      24900
           30         116       2900       17000      24900
           30         117       2800       19800      24900
           30         118       2600       22400      24900
           30         119       2500       24900      24900
           40         203       6500        6500       6500
           50         120       8000        8000     156400
           50         121       8200       16200     156400
           50         122       7900       24100     156400
           50         123       6500       30600     156400
           50         124       5800       36400     156400
           50         125       3200       39600     156400
           50         126       2700       42300     156400
           50         127       2400       44700     156400
           50         128       2200       46900     156400
           50         129       3300       50200     156400
           50         130       2800       53000     156400
           50         131       2500       55500     156400
           50         132       2100       57600     156400
           50         133       3300       60900     156400
           50         134       2900       63800     156400
           50         135       2400       66200     156400
           50         136       2200       68400     156400
           50         137       3600       72000     156400
           50         138       3200       75200     156400
           50         139       2700       77900     156400
           50         140       2500       80400     156400
           50         141       3500       83900     156400
           50         142       3100       87000     156400
           50         143       2600       89600     156400
           50         144       2500       92100     156400
           50         180       3200       95300     156400
           50         181       3100       98400     156400
           50         182       2500      100900     156400
           50         183       2800      103700     156400
           50         184       4200      107900     156400
           50         185       4100      112000     156400
           50         186       3400      115400     156400
           50         187       3000      118400     156400
           50         188       3800      122200     156400
           50         189       3600      125800     156400
           50         190       2900      128700     156400
           50         191       2500      131200     156400
           50         192       4000      135200     156400
           50         193       3900      139100     156400
           50         194       3200      142300     156400
           50         195       2800      145100     156400
           50         196       3100      148200     156400
           50         197       3000      151200     156400
           50         198       2600      153800     156400
           50         199       2600      156400     156400
           60         103       9000        9000      28800
           60         104       6000       15000      28800
           60         105       4800       19800      28800
           60         106       4800       24600      28800
           60         107       4200       28800      28800
           70         204      10000       10000      10000
           80         145      14000       14000     304500
           80         146      13500       27500     304500
           80         147      12000       39500     304500
           80         148      11000       50500     304500
           80         149      10500       61000     304500
           80         150      10000       71000     304500
           80         151       9500       80500     304500
           80         152       9000       89500     304500
           80         153       8000       97500     304500
           80         154       7500      105000     304500
           80         155       7000      112000     304500
           80         156      10000      122000     304500
           80         157       9500      131500     304500
           80         158       9000      140500     304500
           80         159       8000      148500     304500
           80         160       7500      156000     304500
           80         161       7000      163000     304500
           80         162      10500      173500     304500
           80         163       9500      183000     304500
           80         164       7200      190200     304500
           80         165       6800      197000     304500
           80         166       6400      203400     304500
           80         167       6200      209600     304500
           80         168      11500      221100     304500
           80         169      10000      231100     304500
           80         170       9600      240700     304500
           80         171       7400      248100     304500
           80         172       7300      255400     304500
           80         173       6100      261500     304500
           80         174      11000      272500     304500
           80         175       8800      281300     304500
           80         176       8600      289900     304500
           80         177       8400      298300     304500
           80         179       6200      304500     304500
           90         100      24000       24000      58000
           90         101      17000       41000      58000
           90         102      17000       58000      58000
          100         108      12008       12008      51608
          100         109       9000       21008      51608
          100         110       8200       29208      51608
          100         111       7700       36908      51608
          100         112       7800       44708      51608
          100         113       6900       51608      51608
          110         205      12008       12008      20308
          110         206       8300       20308      20308
                      178       7000        7000       7000

107 rows selected.

Products

DEPARTMENT_ID EMPLOYEE_ID     SALARY       MULT RUNNING_PROD TOTAL_PROD
------------- ----------- ---------- ---------- ------------ ----------
           10         200       4400       1.44         1.44       1.44
           20         201      13000        2.3          2.3       3.68
           20         202       6000        1.6         3.68       3.68
           30         114      11000        2.1          2.1 7.15436064
           30         115       3100       1.31        2.751 7.15436064
           30         116       2900       1.29      3.54879 7.15436064
           30         117       2800       1.28    4.5424512 7.15436064
           30         118       2600       1.26   5.72348851 7.15436064
           30         119       2500       1.25   7.15436064 7.15436064
           40         203       6500       1.65         1.65       1.65
           50         120       8000        1.8          1.8 533961.802
           50         121       8200       1.82        3.276 533961.802
           50         122       7900       1.79      5.86404 533961.802
           50         123       6500       1.65     9.675666 533961.802
           50         124       5800       1.58   15.2875523 533961.802
           50         125       3200       1.32    20.179569 533961.802
           50         126       2700       1.27   25.6280526 533961.802
           50         127       2400       1.24   31.7787853 533961.802
           50         128       2200       1.22    38.770118 533961.802
           50         129       3300       1.33    51.564257 533961.802
           50         130       2800       1.28   66.0022489 533961.802
           50         131       2500       1.25   82.5028112 533961.802
           50         132       2100       1.21   99.8284015 533961.802
           50         133       3300       1.33   132.771774 533961.802
           50         134       2900       1.29   171.275589 533961.802
           50         135       2400       1.24    212.38173 533961.802
           50         136       2200       1.22    259.10571 533961.802
           50         137       3600       1.36   352.383766 533961.802
           50         138       3200       1.32   465.146571 533961.802
           50         139       2700       1.27   590.736145 533961.802
           50         140       2500       1.25   738.420182 533961.802
           50         141       3500       1.35   996.867245 533961.802
           50         142       3100       1.31   1305.89609 533961.802
           50         143       2600       1.26   1645.42907 533961.802
           50         144       2500       1.25   2056.78634 533961.802
           50         180       3200       1.32   2714.95797 533961.802
           50         181       3100       1.31   3556.59495 533961.802
           50         182       2500       1.25   4445.74368 533961.802
           50         183       2800       1.28   5690.55191 533961.802
           50         184       4200       1.42   8080.58372 533961.802
           50         185       4100       1.41    11393.623 533961.802
           50         186       3400       1.34   15267.4549 533961.802
           50         187       3000        1.3   19847.6913 533961.802
           50         188       3800       1.38    27389.814 533961.802
           50         189       3600       1.36   37250.1471 533961.802
           50         190       2900       1.29   48052.6898 533961.802
           50         191       2500       1.25   60065.8622 533961.802
           50         192       4000        1.4   84092.2071 533961.802
           50         193       3900       1.39   116888.168 533961.802
           50         194       3200       1.32   154292.382 533961.802
           50         195       2800       1.28   197494.248 533961.802
           50         196       3100       1.31   258717.465 533961.802
           50         197       3000        1.3   336332.705 533961.802
           50         198       2600       1.26   423779.208 533961.802
           50         199       2600       1.26   533961.802 533961.802
           60         103       9000        1.9          1.9 9.45551872
           60         104       6000        1.6         3.04 9.45551872
           60         105       4800       1.48       4.4992 9.45551872
           60         106       4800       1.48     6.658816 9.45551872
           60         107       4200       1.42   9.45551872 9.45551872
           70         204      10000          2            2          2
           80         145      14000        2.4          2.4 2307724978
           80         146      13500       2.35         5.64 2307724978
           80         147      12000        2.2       12.408 2307724978
           80         148      11000        2.1      26.0568 2307724978
           80         149      10500       2.05     53.41644 2307724978
           80         150      10000          2    106.83288 2307724978
           80         151       9500       1.95   208.324116 2307724978
           80         152       9000        1.9    395.81582 2307724978
           80         153       8000        1.8   712.468477 2307724978
           80         154       7500       1.75   1246.81983 2307724978
           80         155       7000        1.7   2119.59372 2307724978
           80         156      10000          2   4239.18744 2307724978
           80         157       9500       1.95    8266.4155 2307724978
           80         158       9000        1.9   15706.1895 2307724978
           80         159       8000        1.8    28271.141 2307724978
           80         160       7500       1.75   49474.4968 2307724978
           80         161       7000        1.7   84106.6445 2307724978
           80         162      10500       2.05   172418.621 2307724978
           80         163       9500       1.95   336216.311 2307724978
           80         164       7200       1.72   578292.056 2307724978
           80         165       6800       1.68   971530.654 2307724978
           80         166       6400       1.64   1593310.27 2307724978
           80         167       6200       1.62   2581162.64 2307724978
           80         168      11500       2.15   5549499.68 2307724978
           80         169      10000          2   11098999.4 2307724978
           80         170       9600       1.96   21754038.7 2307724978
           80         171       7400       1.74   37852027.4 2307724978
           80         172       7300       1.73   65484007.4 2307724978
           80         173       6100       1.61    105429252 2307724978
           80         174      11000        2.1    221401429 2307724978
           80         175       8800       1.88    416234687 2307724978
           80         176       8600       1.86    774196517 2307724978
           80         177       8400       1.84   1424521591 2307724978
           80         179       6200       1.62   2307724978 2307724978
           90         100      24000        3.4          3.4     24.786
           90         101      17000        2.7         9.18     24.786
           90         102      17000        2.7       24.786     24.786
          100         108      12008     2.2008       2.2008 40.5215024
          100         109       9000        1.9      4.18152 40.5215024
          100         110       8200       1.82    7.6103664 40.5215024
          100         111       7700       1.77   13.4703485 40.5215024
          100         112       7800       1.78   23.9772204 40.5215024
          100         113       6900       1.69   40.5215024 40.5215024
          110         205      12008     2.2008       2.2008   4.027464
          110         206       8300       1.83     4.027464   4.027464
                      178       7000        1.7          1.7        1.7

107 rows selected.

Products using MODEL Clause

DEPARTMENT_ID EMPLOYEE_ID     SALARY       MULT RUNNING_PROD TOTAL_PROD
------------- ----------- ---------- ---------- ------------ ----------
           10         200       4400       1.44         1.44       1.44
           20         201      13000        2.3          2.3       3.68
           20         202       6000        1.6         3.68       3.68
           30         114      11000        2.1          2.1 7.15436064
           30         115       3100       1.31        2.751 7.15436064
           30         116       2900       1.29      3.54879 7.15436064
           30         117       2800       1.28    4.5424512 7.15436064
           30         118       2600       1.26   5.72348851 7.15436064
           30         119       2500       1.25   7.15436064 7.15436064
           40         203       6500       1.65         1.65       1.65
           50         120       8000        1.8          1.8 533961.802
           50         121       8200       1.82        3.276 533961.802
           50         122       7900       1.79      5.86404 533961.802
           50         123       6500       1.65     9.675666 533961.802
           50         124       5800       1.58   15.2875523 533961.802
           50         125       3200       1.32    20.179569 533961.802
           50         126       2700       1.27   25.6280526 533961.802
           50         127       2400       1.24   31.7787853 533961.802
           50         128       2200       1.22    38.770118 533961.802
           50         129       3300       1.33    51.564257 533961.802
           50         130       2800       1.28   66.0022489 533961.802
           50         131       2500       1.25   82.5028112 533961.802
           50         132       2100       1.21   99.8284015 533961.802
           50         133       3300       1.33   132.771774 533961.802
           50         134       2900       1.29   171.275589 533961.802
           50         135       2400       1.24    212.38173 533961.802
           50         136       2200       1.22    259.10571 533961.802
           50         137       3600       1.36   352.383766 533961.802
           50         138       3200       1.32   465.146571 533961.802
           50         139       2700       1.27   590.736145 533961.802
           50         140       2500       1.25   738.420182 533961.802
           50         141       3500       1.35   996.867245 533961.802
           50         142       3100       1.31   1305.89609 533961.802
           50         143       2600       1.26   1645.42907 533961.802
           50         144       2500       1.25   2056.78634 533961.802
           50         180       3200       1.32   2714.95797 533961.802
           50         181       3100       1.31   3556.59495 533961.802
           50         182       2500       1.25   4445.74368 533961.802
           50         183       2800       1.28   5690.55191 533961.802
           50         184       4200       1.42   8080.58372 533961.802
           50         185       4100       1.41    11393.623 533961.802
           50         186       3400       1.34   15267.4549 533961.802
           50         187       3000        1.3   19847.6913 533961.802
           50         188       3800       1.38    27389.814 533961.802
           50         189       3600       1.36   37250.1471 533961.802
           50         190       2900       1.29   48052.6898 533961.802
           50         191       2500       1.25   60065.8622 533961.802
           50         192       4000        1.4   84092.2071 533961.802
           50         193       3900       1.39   116888.168 533961.802
           50         194       3200       1.32   154292.382 533961.802
           50         195       2800       1.28   197494.248 533961.802
           50         196       3100       1.31   258717.465 533961.802
           50         197       3000        1.3   336332.705 533961.802
           50         198       2600       1.26   423779.208 533961.802
           50         199       2600       1.26   533961.802 533961.802
           60         103       9000        1.9          1.9 9.45551872
           60         104       6000        1.6         3.04 9.45551872
           60         105       4800       1.48       4.4992 9.45551872
           60         106       4800       1.48     6.658816 9.45551872
           60         107       4200       1.42   9.45551872 9.45551872
           70         204      10000          2            2          2
           80         145      14000        2.4          2.4 2307724978
           80         146      13500       2.35         5.64 2307724978
           80         147      12000        2.2       12.408 2307724978
           80         148      11000        2.1      26.0568 2307724978
           80         149      10500       2.05     53.41644 2307724978
           80         150      10000          2    106.83288 2307724978
           80         151       9500       1.95   208.324116 2307724978
           80         152       9000        1.9    395.81582 2307724978
           80         153       8000        1.8   712.468477 2307724978
           80         154       7500       1.75   1246.81983 2307724978
           80         155       7000        1.7   2119.59372 2307724978
           80         156      10000          2   4239.18744 2307724978
           80         157       9500       1.95    8266.4155 2307724978
           80         158       9000        1.9   15706.1895 2307724978
           80         159       8000        1.8    28271.141 2307724978
           80         160       7500       1.75   49474.4968 2307724978
           80         161       7000        1.7   84106.6445 2307724978
           80         162      10500       2.05   172418.621 2307724978
           80         163       9500       1.95   336216.311 2307724978
           80         164       7200       1.72   578292.056 2307724978
           80         165       6800       1.68   971530.654 2307724978
           80         166       6400       1.64   1593310.27 2307724978
           80         167       6200       1.62   2581162.64 2307724978
           80         168      11500       2.15   5549499.68 2307724978
           80         169      10000          2   11098999.4 2307724978
           80         170       9600       1.96   21754038.7 2307724978
           80         171       7400       1.74   37852027.4 2307724978
           80         172       7300       1.73   65484007.4 2307724978
           80         173       6100       1.61    105429252 2307724978
           80         174      11000        2.1    221401429 2307724978
           80         175       8800       1.88    416234687 2307724978
           80         176       8600       1.86    774196517 2307724978
           80         177       8400       1.84   1424521591 2307724978
           80         179       6200       1.62   2307724978 2307724978
           90         100      24000        3.4          3.4     24.786
           90         101      17000        2.7         9.18     24.786
           90         102      17000        2.7       24.786     24.786
          100         108      12008     2.2008       2.2008 40.5215024
          100         109       9000        1.9      4.18152 40.5215024
          100         110       8200       1.82    7.6103664 40.5215024
          100         111       7700       1.77   13.4703485 40.5215024
          100         112       7800       1.78   23.9772204 40.5215024
          100         113       6900       1.69   40.5215024 40.5215024
          110         205      12008     2.2008       2.2008   4.027464
          110         206       8300       1.83     4.027464   4.027464
                      178       7000        1.7          1.7        1.7

107 rows selected.

Products using Recursive Subquery Factors

DEPARTMENT_ID EMPLOYEE_ID     SALARY       MULT RUNNING_PROD TOTAL_PROD
------------- ----------- ---------- ---------- ------------ ----------
           10         200       4400       1.44         1.44       1.44
           20         201      13000        2.3          2.3       3.68
           20         202       6000        1.6         3.68       3.68
           30         114      11000        2.1          2.1 7.15436064
           30         115       3100       1.31        2.751 7.15436064
           30         116       2900       1.29      3.54879 7.15436064
           30         117       2800       1.28    4.5424512 7.15436064
           30         118       2600       1.26   5.72348851 7.15436064
           30         119       2500       1.25   7.15436064 7.15436064
           40         203       6500       1.65         1.65       1.65
           50         120       8000        1.8          1.8 533961.802
           50         121       8200       1.82        3.276 533961.802
           50         122       7900       1.79      5.86404 533961.802
           50         123       6500       1.65     9.675666 533961.802
           50         124       5800       1.58   15.2875523 533961.802
           50         125       3200       1.32    20.179569 533961.802
           50         126       2700       1.27   25.6280526 533961.802
           50         127       2400       1.24   31.7787853 533961.802
           50         128       2200       1.22    38.770118 533961.802
           50         129       3300       1.33    51.564257 533961.802
           50         130       2800       1.28   66.0022489 533961.802
           50         131       2500       1.25   82.5028112 533961.802
           50         132       2100       1.21   99.8284015 533961.802
           50         133       3300       1.33   132.771774 533961.802
           50         134       2900       1.29   171.275589 533961.802
           50         135       2400       1.24    212.38173 533961.802
           50         136       2200       1.22    259.10571 533961.802
           50         137       3600       1.36   352.383766 533961.802
           50         138       3200       1.32   465.146571 533961.802
           50         139       2700       1.27   590.736145 533961.802
           50         140       2500       1.25   738.420182 533961.802
           50         141       3500       1.35   996.867245 533961.802
           50         142       3100       1.31   1305.89609 533961.802
           50         143       2600       1.26   1645.42907 533961.802
           50         144       2500       1.25   2056.78634 533961.802
           50         180       3200       1.32   2714.95797 533961.802
           50         181       3100       1.31   3556.59495 533961.802
           50         182       2500       1.25   4445.74368 533961.802
           50         183       2800       1.28   5690.55191 533961.802
           50         184       4200       1.42   8080.58372 533961.802
           50         185       4100       1.41    11393.623 533961.802
           50         186       3400       1.34   15267.4549 533961.802
           50         187       3000        1.3   19847.6913 533961.802
           50         188       3800       1.38    27389.814 533961.802
           50         189       3600       1.36   37250.1471 533961.802
           50         190       2900       1.29   48052.6898 533961.802
           50         191       2500       1.25   60065.8622 533961.802
           50         192       4000        1.4   84092.2071 533961.802
           50         193       3900       1.39   116888.168 533961.802
           50         194       3200       1.32   154292.382 533961.802
           50         195       2800       1.28   197494.248 533961.802
           50         196       3100       1.31   258717.465 533961.802
           50         197       3000        1.3   336332.705 533961.802
           50         198       2600       1.26   423779.208 533961.802
           50         199       2600       1.26   533961.802 533961.802
           60         103       9000        1.9          1.9 9.45551872
           60         104       6000        1.6         3.04 9.45551872
           60         105       4800       1.48       4.4992 9.45551872
           60         106       4800       1.48     6.658816 9.45551872
           60         107       4200       1.42   9.45551872 9.45551872
           70         204      10000          2            2          2
           80         145      14000        2.4          2.4 2307724978
           80         146      13500       2.35         5.64 2307724978
           80         147      12000        2.2       12.408 2307724978
           80         148      11000        2.1      26.0568 2307724978
           80         149      10500       2.05     53.41644 2307724978
           80         150      10000          2    106.83288 2307724978
           80         151       9500       1.95   208.324116 2307724978
           80         152       9000        1.9    395.81582 2307724978
           80         153       8000        1.8   712.468477 2307724978
           80         154       7500       1.75   1246.81983 2307724978
           80         155       7000        1.7   2119.59372 2307724978
           80         156      10000          2   4239.18744 2307724978
           80         157       9500       1.95    8266.4155 2307724978
           80         158       9000        1.9   15706.1895 2307724978
           80         159       8000        1.8    28271.141 2307724978
           80         160       7500       1.75   49474.4968 2307724978
           80         161       7000        1.7   84106.6445 2307724978
           80         162      10500       2.05   172418.621 2307724978
           80         163       9500       1.95   336216.311 2307724978
           80         164       7200       1.72   578292.056 2307724978
           80         165       6800       1.68   971530.654 2307724978
           80         166       6400       1.64   1593310.27 2307724978
           80         167       6200       1.62   2581162.64 2307724978
           80         168      11500       2.15   5549499.68 2307724978
           80         169      10000          2   11098999.4 2307724978
           80         170       9600       1.96   21754038.7 2307724978
           80         171       7400       1.74   37852027.4 2307724978
           80         172       7300       1.73   65484007.4 2307724978
           80         173       6100       1.61    105429252 2307724978
           80         174      11000        2.1    221401429 2307724978
           80         175       8800       1.88    416234687 2307724978
           80         176       8600       1.86    774196517 2307724978
           80         177       8400       1.84   1424521591 2307724978
           80         179       6200       1.62   2307724978 2307724978
           90         100      24000        3.4          3.4     24.786
           90         101      17000        2.7         9.18     24.786
           90         102      17000        2.7       24.786     24.786
          100         108      12008     2.2008       2.2008 40.5215024
          100         109       9000        1.9      4.18152 40.5215024
          100         110       8200       1.82    7.6103664 40.5215024
          100         111       7700       1.77   13.4703485 40.5215024
          100         112       7800       1.78   23.9772204 40.5215024
          100         113       6900       1.69   40.5215024 40.5215024
          110         205      12008     2.2008       2.2008   4.027464
          110         206       8300       1.83     4.027464   4.027464
                      178       7000        1.7          1.7        1.7

107 rows selected.


'END:'||TO_CHAR(SYSDATE,'DD-MON-YY
----------------------------------
End: 20-JAN-2020 06:45:48

